0 info it worked if it ends with ok
1 verbose cli [ 'C:\\Program Files\\nodejs\\node.exe',
1 verbose cli   'C:\\Program Files\\nodejs\\node_modules\\npm\\bin\\npm-cli.js',
1 verbose cli   'install',
1 verbose cli   'canvas' ]
2 info using npm@2.15.9
3 info using node@v4.5.0
4 verbose install initial load of C:\Users\leandro.monteiro\Documents\GitHub\Awape\package.json
5 warn package.json awape@1.1.1 No repository field.
6 warn package.json awape@1.1.1 No README data
7 warn package.json awape@1.1.1 No license field.
8 verbose installManyTop reading scoped package data from C:\Users\leandro.monteiro\Documents\GitHub\Awape\node_modules\bower\package.json
9 verbose installManyTop reading scoped package data from C:\Users\leandro.monteiro\Documents\GitHub\Awape\node_modules\gulp\package.json
10 verbose installManyTop reading scoped package data from C:\Users\leandro.monteiro\Documents\GitHub\Awape\node_modules\gulp-banner\package.json
11 verbose installManyTop reading scoped package data from C:\Users\leandro.monteiro\Documents\GitHub\Awape\node_modules\gulp-clean-css\package.json
12 verbose installManyTop reading scoped package data from C:\Users\leandro.monteiro\Documents\GitHub\Awape\node_modules\gulp-concat\package.json
13 verbose installManyTop reading scoped package data from C:\Users\leandro.monteiro\Documents\GitHub\Awape\node_modules\gulp-minify-css\package.json
14 verbose installManyTop reading scoped package data from C:\Users\leandro.monteiro\Documents\GitHub\Awape\node_modules\gulp-rename\package.json
15 verbose installManyTop reading scoped package data from C:\Users\leandro.monteiro\Documents\GitHub\Awape\node_modules\gulp-ruby-sass\package.json
16 verbose installManyTop reading scoped package data from C:\Users\leandro.monteiro\Documents\GitHub\Awape\node_modules\gulp-sass\package.json
17 verbose installManyTop reading scoped package data from C:\Users\leandro.monteiro\Documents\GitHub\Awape\node_modules\gulp-sourcemaps\package.json
18 verbose installManyTop reading scoped package data from C:\Users\leandro.monteiro\Documents\GitHub\Awape\node_modules\gulp-uglify\package.json
19 verbose installManyTop reading scoped package data from C:\Users\leandro.monteiro\Documents\GitHub\Awape\node_modules\gulp-util\package.json
20 verbose installManyTop reading scoped package data from C:\Users\leandro.monteiro\Documents\GitHub\Awape\node_modules\gulp-webserver\package.json
21 verbose installManyTop reading scoped package data from C:\Users\leandro.monteiro\Documents\GitHub\Awape\node_modules\pump\package.json
22 verbose installManyTop reading scoped package data from C:\Users\leandro.monteiro\Documents\GitHub\Awape\node_modules\shelljs\package.json
23 info package.json gulp-util@2.2.20 No license field.
24 info package.json shelljs@0.3.0 license should be a valid SPDX license expression
25 info package.json gulp-rename@1.2.2 No license field.
26 info package.json gulp-minify-css@0.3.13 No license field.
27 verbose readDependencies loading dependencies from C:\Users\leandro.monteiro\Documents\GitHub\Awape\package.json
28 silly cache add args [ 'canvas', null ]
29 verbose cache add spec canvas
30 silly cache add parsed spec Result {
30 silly cache add   raw: 'canvas',
30 silly cache add   scope: null,
30 silly cache add   name: 'canvas',
30 silly cache add   rawSpec: '',
30 silly cache add   spec: 'latest',
30 silly cache add   type: 'tag' }
31 silly addNamed canvas@latest
32 verbose addNamed "latest" is being treated as a dist-tag for canvas
33 info addNameTag [ 'canvas', 'latest' ]
34 silly mapToRegistry name canvas
35 silly mapToRegistry using default registry
36 silly mapToRegistry registry https://registry.npmjs.org/
37 silly mapToRegistry data Result {
37 silly mapToRegistry   raw: 'canvas',
37 silly mapToRegistry   scope: null,
37 silly mapToRegistry   name: 'canvas',
37 silly mapToRegistry   rawSpec: '',
37 silly mapToRegistry   spec: 'latest',
37 silly mapToRegistry   type: 'tag' }
38 silly mapToRegistry uri https://registry.npmjs.org/canvas
39 verbose addNameTag registry:https://registry.npmjs.org/canvas not in flight; fetching
40 verbose request uri https://registry.npmjs.org/canvas
41 verbose request no auth needed
42 info attempt registry request try #1 at 13:49:43
43 verbose request id 91ce4da37ad384a1
44 http request GET https://registry.npmjs.org/canvas
45 http 200 https://registry.npmjs.org/canvas
46 verbose headers { server: 'CouchDB/1.5.0 (Erlang OTP/R16B03)',
46 verbose headers   etag: '"6PDAG226ZI6Z84D0B0V8MF2UF"',
46 verbose headers   'content-type': 'application/json',
46 verbose headers   'content-encoding': 'gzip',
46 verbose headers   'cache-control': 'max-age=300',
46 verbose headers   'content-length': '17033',
46 verbose headers   'accept-ranges': 'bytes',
46 verbose headers   date: 'Thu, 13 Oct 2016 16:49:45 GMT',
46 verbose headers   via: '1.1 varnish',
46 verbose headers   age: '0',
46 verbose headers   connection: 'keep-alive',
46 verbose headers   'x-served-by': 'cache-gru7121-GRU',
46 verbose headers   'x-cache': 'MISS',
46 verbose headers   'x-cache-hits': '0',
46 verbose headers   'x-timer': 'S1476377384.443969,VS0,VE617',
46 verbose headers   vary: 'Accept-Encoding' }
47 silly get cb [ 200,
47 silly get   { server: 'CouchDB/1.5.0 (Erlang OTP/R16B03)',
47 silly get     etag: '"6PDAG226ZI6Z84D0B0V8MF2UF"',
47 silly get     'content-type': 'application/json',
47 silly get     'content-encoding': 'gzip',
47 silly get     'cache-control': 'max-age=300',
47 silly get     'content-length': '17033',
47 silly get     'accept-ranges': 'bytes',
47 silly get     date: 'Thu, 13 Oct 2016 16:49:45 GMT',
47 silly get     via: '1.1 varnish',
47 silly get     age: '0',
47 silly get     connection: 'keep-alive',
47 silly get     'x-served-by': 'cache-gru7121-GRU',
47 silly get     'x-cache': 'MISS',
47 silly get     'x-cache-hits': '0',
47 silly get     'x-timer': 'S1476377384.443969,VS0,VE617',
47 silly get     vary: 'Accept-Encoding' } ]
48 verbose get saving canvas to C:\Users\leandro.monteiro\AppData\Roaming\npm-cache\registry.npmjs.org\canvas\.cache.json
49 verbose correctMkdir C:\Users\leandro.monteiro\AppData\Roaming\npm-cache correctMkdir not in flight; initializing
50 silly addNameTag next cb for canvas with tag latest
51 silly addNamed canvas@1.5.0
52 verbose addNamed "1.5.0" is a plain semver version for canvas
53 silly mapToRegistry name canvas
54 silly mapToRegistry using default registry
55 silly mapToRegistry registry https://registry.npmjs.org/
56 silly mapToRegistry data Result {
56 silly mapToRegistry   raw: 'canvas',
56 silly mapToRegistry   scope: null,
56 silly mapToRegistry   name: 'canvas',
56 silly mapToRegistry   rawSpec: '',
56 silly mapToRegistry   spec: 'latest',
56 silly mapToRegistry   type: 'tag' }
57 silly mapToRegistry uri https://registry.npmjs.org/canvas
58 verbose addRemoteTarball https://registry.npmjs.org/canvas/-/canvas-1.5.0.tgz not in flight; adding
59 verbose addRemoteTarball [ 'https://registry.npmjs.org/canvas/-/canvas-1.5.0.tgz',
59 verbose addRemoteTarball   'fa1935b7e9d4fc1509a9402e1de436c7f8cc14c9' ]
60 info retry fetch attempt 1 at 13:49:45
61 info attempt registry request try #1 at 13:49:45
62 http fetch GET https://registry.npmjs.org/canvas/-/canvas-1.5.0.tgz
63 http fetch 200 https://registry.npmjs.org/canvas/-/canvas-1.5.0.tgz
64 silly fetchAndShaCheck shasum fa1935b7e9d4fc1509a9402e1de436c7f8cc14c9
65 verbose addTmpTarball C:\Users\LEANDR~1.MON\AppData\Local\Temp\npm-3032-089b57c8\registry.npmjs.org\canvas\-\canvas-1.5.0.tgz not in flight; adding
66 verbose addTmpTarball already have metadata; skipping unpack for canvas@1.5.0
67 verbose correctMkdir C:\Users\leandro.monteiro\AppData\Roaming\npm-cache correctMkdir not in flight; initializing
68 silly cache afterAdd canvas@1.5.0
69 verbose afterAdd C:\Users\leandro.monteiro\AppData\Roaming\npm-cache\canvas\1.5.0\package\package.json not in flight; writing
70 verbose correctMkdir C:\Users\leandro.monteiro\AppData\Roaming\npm-cache correctMkdir not in flight; initializing
71 verbose afterAdd C:\Users\leandro.monteiro\AppData\Roaming\npm-cache\canvas\1.5.0\package\package.json written
72 silly install resolved [ { name: 'canvas',
72 silly install resolved     description: 'Canvas graphics API backed by Cairo',
72 silly install resolved     version: '1.5.0',
72 silly install resolved     author: { name: 'TJ Holowaychuk', email: 'tj@learnboost.com' },
72 silly install resolved     contributors: [ [Object], [Object], [Object] ],
72 silly install resolved     keywords:
72 silly install resolved      [ 'canvas',
72 silly install resolved        'graphic',
72 silly install resolved        'graphics',
72 silly install resolved        'pixman',
72 silly install resolved        'cairo',
72 silly install resolved        'image',
72 silly install resolved        'images',
72 silly install resolved        'pdf' ],
72 silly install resolved     homepage: 'https://github.com/Automattic/node-canvas',
72 silly install resolved     repository:
72 silly install resolved      { type: 'git',
72 silly install resolved        url: 'git://github.com/Automattic/node-canvas.git' },
72 silly install resolved     scripts:
72 silly install resolved      { prebenchmark: 'node-gyp build',
72 silly install resolved        benchmark: 'node benchmarks/run.js',
72 silly install resolved        pretest: 'node-gyp build',
72 silly install resolved        test: 'standard examples/*.js && mocha test/*.test.js',
72 silly install resolved        'pretest-server': 'node-gyp build',
72 silly install resolved        'test-server': 'node test/server.js',
72 silly install resolved        install: 'node-gyp rebuild' },
72 silly install resolved     dependencies: { nan: '^2.3.2' },
72 silly install resolved     devDependencies:
72 silly install resolved      { 'body-parser': '^1.13.3',
72 silly install resolved        express: '^4.13.2',
72 silly install resolved        pug: '^2.0.0-beta3',
72 silly install resolved        mocha: '*',
72 silly install resolved        standard: '^7.1.1' },
72 silly install resolved     engines: { node: '>=0.8.0' },
72 silly install resolved     main: './lib/canvas.js',
72 silly install resolved     license: 'MIT',
72 silly install resolved     gypfile: true,
72 silly install resolved     gitHead: '5812a8d6b84e1887520e9cdaf5596f9c2089f687',
72 silly install resolved     bugs: { url: 'https://github.com/Automattic/node-canvas/issues' },
72 silly install resolved     _id: 'canvas@1.5.0',
72 silly install resolved     _shasum: 'fa1935b7e9d4fc1509a9402e1de436c7f8cc14c9',
72 silly install resolved     _from: 'canvas@latest',
72 silly install resolved     _npmVersion: '3.10.3',
72 silly install resolved     _nodeVersion: '6.3.1',
72 silly install resolved     _npmUser: { name: 'linusu', email: 'linus@folkdatorn.se' },
72 silly install resolved     dist:
72 silly install resolved      { shasum: 'fa1935b7e9d4fc1509a9402e1de436c7f8cc14c9',
72 silly install resolved        tarball: 'https://registry.npmjs.org/canvas/-/canvas-1.5.0.tgz' },
72 silly install resolved     maintainers: [ [Object], [Object], [Object], [Object], [Object], [Object] ],
72 silly install resolved     _npmOperationalInternal:
72 silly install resolved      { host: 'packages-16-east.internal.npmjs.com',
72 silly install resolved        tmp: 'tmp/canvas-1.5.0.tgz_1473612477339_0.7720053773373365' },
72 silly install resolved     directories: {},
72 silly install resolved     _resolved: 'https://registry.npmjs.org/canvas/-/canvas-1.5.0.tgz' } ]
73 info install canvas@1.5.0 into C:\Users\leandro.monteiro\Documents\GitHub\Awape
74 info installOne canvas@1.5.0
75 verbose installOne of canvas to C:\Users\leandro.monteiro\Documents\GitHub\Awape not in flight; installing
76 verbose correctMkdir C:\Users\leandro.monteiro\AppData\Roaming\npm-cache\_locks correctMkdir not in flight; initializing
77 verbose lock using C:\Users\leandro.monteiro\AppData\Roaming\npm-cache\_locks\canvas-bf05dd84326c8056.lock for C:\Users\leandro.monteiro\Documents\GitHub\Awape\node_modules\canvas
78 silly install write writing canvas 1.5.0 to C:\Users\leandro.monteiro\Documents\GitHub\Awape\node_modules\canvas
79 verbose unbuild node_modules\canvas
80 silly gentlyRm C:\Users\leandro.monteiro\Documents\GitHub\Awape\node_modules\canvas is being purged from base C:\Users\leandro.monteiro\Documents\GitHub\Awape
81 verbose gentlyRm don't care about contents; nuking C:\Users\leandro.monteiro\Documents\GitHub\Awape\node_modules\canvas
82 verbose tar unpack C:\Users\leandro.monteiro\AppData\Roaming\npm-cache\canvas\1.5.0\package.tgz
83 verbose tar unpacking to C:\Users\leandro.monteiro\Documents\GitHub\Awape\node_modules\canvas
84 silly gentlyRm C:\Users\leandro.monteiro\Documents\GitHub\Awape\node_modules\canvas is being purged
85 verbose gentlyRm don't care about contents; nuking C:\Users\leandro.monteiro\Documents\GitHub\Awape\node_modules\canvas
86 silly gunzTarPerm modes [ '777', '666' ]
87 silly gunzTarPerm extractEntry package.json
88 silly gunzTarPerm modified mode [ 'package.json', 420, 438 ]
89 silly gunzTarPerm extractEntry .npmignore
90 silly gunzTarPerm modified mode [ '.npmignore', 420, 438 ]
91 silly gunzTarPerm extractEntry index.js
92 silly gunzTarPerm modified mode [ 'index.js', 420, 438 ]
93 silly gunzTarPerm extractEntry History.md
94 silly gunzTarPerm modified mode [ 'History.md', 420, 438 ]
95 silly gunzTarPerm extractEntry Readme.md
96 silly gunzTarPerm modified mode [ 'Readme.md', 420, 438 ]
97 silly gunzTarPerm extractEntry binding.gyp
98 silly gunzTarPerm modified mode [ 'binding.gyp', 493, 511 ]
99 silly gunzTarPerm extractEntry .github/ISSUE_TEMPLATE.md
100 silly gunzTarPerm modified mode [ '.github/ISSUE_TEMPLATE.md', 420, 438 ]
101 silly gunzTarPerm extractEntry lib/bindings.js
102 silly gunzTarPerm modified mode [ 'lib/bindings.js', 420, 438 ]
103 silly gunzTarPerm extractEntry lib/canvas.js
104 silly gunzTarPerm modified mode [ 'lib/canvas.js', 420, 438 ]
105 silly gunzTarPerm extractEntry lib/context2d.js
106 silly gunzTarPerm modified mode [ 'lib/context2d.js', 420, 438 ]
107 silly gunzTarPerm extractEntry lib/image.js
108 silly gunzTarPerm modified mode [ 'lib/image.js', 420, 438 ]
109 silly gunzTarPerm extractEntry lib/jpegstream.js
110 silly gunzTarPerm modified mode [ 'lib/jpegstream.js', 420, 438 ]
111 silly gunzTarPerm extractEntry lib/pdfstream.js
112 silly gunzTarPerm modified mode [ 'lib/pdfstream.js', 420, 438 ]
113 silly gunzTarPerm extractEntry lib/pngstream.js
114 silly gunzTarPerm modified mode [ 'lib/pngstream.js', 420, 438 ]
115 silly gunzTarPerm extractEntry .travis.yml
116 silly gunzTarPerm modified mode [ '.travis.yml', 420, 438 ]
117 silly gunzTarPerm extractEntry src/Image.cc
118 silly gunzTarPerm modified mode [ 'src/Image.cc', 420, 438 ]
119 silly gunzTarPerm extractEntry src/Canvas.cc
120 silly gunzTarPerm modified mode [ 'src/Canvas.cc', 420, 438 ]
121 silly gunzTarPerm extractEntry src/CanvasGradient.cc
122 silly gunzTarPerm modified mode [ 'src/CanvasGradient.cc', 420, 438 ]
123 silly gunzTarPerm extractEntry src/CanvasGradient.h
124 silly gunzTarPerm modified mode [ 'src/CanvasGradient.h', 420, 438 ]
125 silly gunzTarPerm extractEntry src/CanvasPattern.cc
126 silly gunzTarPerm modified mode [ 'src/CanvasPattern.cc', 420, 438 ]
127 silly gunzTarPerm extractEntry src/CanvasPattern.h
128 silly gunzTarPerm modified mode [ 'src/CanvasPattern.h', 420, 438 ]
129 silly gunzTarPerm extractEntry src/CanvasRenderingContext2d.cc
130 silly gunzTarPerm modified mode [ 'src/CanvasRenderingContext2d.cc', 493, 511 ]
131 silly gunzTarPerm extractEntry src/CanvasRenderingContext2d.h
132 silly gunzTarPerm modified mode [ 'src/CanvasRenderingContext2d.h', 420, 438 ]
133 silly gunzTarPerm extractEntry src/FontFace.cc
134 silly gunzTarPerm modified mode [ 'src/FontFace.cc', 493, 511 ]
135 silly gunzTarPerm extractEntry src/FontFace.h
136 silly gunzTarPerm modified mode [ 'src/FontFace.h', 420, 438 ]
137 silly gunzTarPerm extractEntry src/Canvas.h
138 silly gunzTarPerm modified mode [ 'src/Canvas.h', 420, 438 ]
139 silly gunzTarPerm extractEntry src/Image.h
140 silly gunzTarPerm modified mode [ 'src/Image.h', 420, 438 ]
141 silly gunzTarPerm extractEntry src/ImageData.cc
142 silly gunzTarPerm modified mode [ 'src/ImageData.cc', 420, 438 ]
143 silly gunzTarPerm extractEntry src/ImageData.h
144 silly gunzTarPerm modified mode [ 'src/ImageData.h', 420, 438 ]
145 silly gunzTarPerm extractEntry src/JPEGStream.h
146 silly gunzTarPerm modified mode [ 'src/JPEGStream.h', 420, 438 ]
147 silly gunzTarPerm extractEntry src/PNG.h
148 silly gunzTarPerm modified mode [ 'src/PNG.h', 420, 438 ]
149 silly gunzTarPerm extractEntry src/Point.h
150 silly gunzTarPerm modified mode [ 'src/Point.h', 420, 438 ]
151 silly gunzTarPerm extractEntry src/closure.h
152 silly gunzTarPerm modified mode [ 'src/closure.h', 420, 438 ]
153 silly gunzTarPerm extractEntry src/color.cc
154 silly gunzTarPerm modified mode [ 'src/color.cc', 420, 438 ]
155 silly gunzTarPerm extractEntry src/color.h
156 silly gunzTarPerm modified mode [ 'src/color.h', 420, 438 ]
157 silly gunzTarPerm extractEntry src/init.cc
158 silly gunzTarPerm modified mode [ 'src/init.cc', 493, 511 ]
159 silly gunzTarPerm extractEntry util/has_lib.sh
160 silly gunzTarPerm modified mode [ 'util/has_lib.sh', 493, 511 ]
161 verbose write writing to C:\Users\leandro.monteiro\Documents\GitHub\Awape\node_modules\canvas\package.json
162 info preinstall canvas@1.5.0
163 verbose readDependencies loading dependencies from C:\Users\leandro.monteiro\Documents\GitHub\Awape\node_modules\canvas\package.json
164 silly prepareForInstallMany adding nan@^2.3.2 from canvas dependencies
165 verbose readDependencies loading dependencies from C:\Users\leandro.monteiro\Documents\GitHub\Awape\node_modules\canvas\package.json
166 silly cache add args [ 'nan@^2.3.2', null ]
167 verbose cache add spec nan@^2.3.2
168 silly cache add parsed spec Result {
168 silly cache add   raw: 'nan@^2.3.2',
168 silly cache add   scope: null,
168 silly cache add   name: 'nan',
168 silly cache add   rawSpec: '^2.3.2',
168 silly cache add   spec: '>=2.3.2 <3.0.0',
168 silly cache add   type: 'range' }
169 silly addNamed nan@>=2.3.2 <3.0.0
170 verbose addNamed ">=2.3.2 <3.0.0" is a valid semver range for nan
171 silly addNameRange { name: 'nan', range: '>=2.3.2 <3.0.0', hasData: false }
172 silly mapToRegistry name nan
173 silly mapToRegistry using default registry
174 silly mapToRegistry registry https://registry.npmjs.org/
175 silly mapToRegistry data Result {
175 silly mapToRegistry   raw: 'nan',
175 silly mapToRegistry   scope: null,
175 silly mapToRegistry   name: 'nan',
175 silly mapToRegistry   rawSpec: '',
175 silly mapToRegistry   spec: 'latest',
175 silly mapToRegistry   type: 'tag' }
176 silly mapToRegistry uri https://registry.npmjs.org/nan
177 verbose addNameRange registry:https://registry.npmjs.org/nan not in flight; fetching
178 verbose request uri https://registry.npmjs.org/nan
179 verbose request no auth needed
180 info attempt registry request try #1 at 13:49:47
181 verbose etag "1YJEPM5V4XH0MZT0HV3B8R9BB"
182 http request GET https://registry.npmjs.org/nan
183 http 304 https://registry.npmjs.org/nan
184 verbose headers { date: 'Thu, 13 Oct 2016 16:49:47 GMT',
184 verbose headers   via: '1.1 varnish',
184 verbose headers   'cache-control': 'max-age=300',
184 verbose headers   etag: '"1YJEPM5V4XH0MZT0HV3B8R9BB"',
184 verbose headers   age: '15',
184 verbose headers   connection: 'keep-alive',
184 verbose headers   'x-served-by': 'cache-gru7121-GRU',
184 verbose headers   'x-cache': 'HIT',
184 verbose headers   'x-cache-hits': '4',
184 verbose headers   'x-timer': 'S1476377387.646069,VS0,VE0',
184 verbose headers   vary: 'Accept-Encoding' }
185 silly get cb [ 304,
185 silly get   { date: 'Thu, 13 Oct 2016 16:49:47 GMT',
185 silly get     via: '1.1 varnish',
185 silly get     'cache-control': 'max-age=300',
185 silly get     etag: '"1YJEPM5V4XH0MZT0HV3B8R9BB"',
185 silly get     age: '15',
185 silly get     connection: 'keep-alive',
185 silly get     'x-served-by': 'cache-gru7121-GRU',
185 silly get     'x-cache': 'HIT',
185 silly get     'x-cache-hits': '4',
185 silly get     'x-timer': 'S1476377387.646069,VS0,VE0',
185 silly get     vary: 'Accept-Encoding' } ]
186 verbose etag https://registry.npmjs.org/nan from cache
187 verbose get saving nan to C:\Users\leandro.monteiro\AppData\Roaming\npm-cache\registry.npmjs.org\nan\.cache.json
188 verbose correctMkdir C:\Users\leandro.monteiro\AppData\Roaming\npm-cache correctMkdir not in flight; initializing
189 silly addNameRange number 2 { name: 'nan', range: '>=2.3.2 <3.0.0', hasData: true }
190 silly addNameRange versions [ 'nan',
190 silly addNameRange   [ '0.3.0-wip',
190 silly addNameRange     '0.3.0-wip2',
190 silly addNameRange     '0.3.0',
190 silly addNameRange     '0.3.1',
190 silly addNameRange     '0.3.2',
190 silly addNameRange     '0.4.0',
190 silly addNameRange     '0.4.1',
190 silly addNameRange     '0.4.2',
190 silly addNameRange     '0.4.3',
190 silly addNameRange     '0.4.4',
190 silly addNameRange     '0.5.0',
190 silly addNameRange     '0.5.1',
190 silly addNameRange     '0.5.2',
190 silly addNameRange     '0.6.0',
190 silly addNameRange     '0.7.0',
190 silly addNameRange     '0.7.1',
190 silly addNameRange     '0.8.0',
190 silly addNameRange     '1.0.0',
190 silly addNameRange     '1.1.0',
190 silly addNameRange     '1.1.1',
190 silly addNameRange     '1.1.2',
190 silly addNameRange     '1.2.0',
190 silly addNameRange     '1.3.0',
190 silly addNameRange     '1.4.0',
190 silly addNameRange     '1.4.1',
190 silly addNameRange     '1.5.0',
190 silly addNameRange     '1.4.2',
190 silly addNameRange     '1.4.3',
190 silly addNameRange     '1.5.1',
190 silly addNameRange     '1.5.2',
190 silly addNameRange     '1.6.0',
190 silly addNameRange     '1.5.3',
190 silly addNameRange     '1.6.1',
190 silly addNameRange     '1.6.2',
190 silly addNameRange     '1.7.0',
190 silly addNameRange     '1.8.0',
190 silly addNameRange     '1.8.1',
190 silly addNameRange     '1.8.2',
190 silly addNameRange     '1.8.3',
190 silly addNameRange     '1.8.4',
190 silly addNameRange     '1.9.0',
190 silly addNameRange     '2.0.0',
190 silly addNameRange     '2.0.1',
190 silly addNameRange     '2.0.2',
190 silly addNameRange     '2.0.3',
190 silly addNameRange     '2.0.4',
190 silly addNameRange     '2.0.5',
190 silly addNameRange     '2.0.6',
190 silly addNameRange     '2.0.7',
190 silly addNameRange     '2.0.8',
190 silly addNameRange     '2.0.9',
190 silly addNameRange     '2.1.0',
190 silly addNameRange     '2.2.0',
190 silly addNameRange     '2.2.1',
190 silly addNameRange     '2.3.0',
190 silly addNameRange     '2.3.1',
190 silly addNameRange     '2.3.2',
190 silly addNameRange     '2.3.3',
190 silly addNameRange     '2.3.4',
190 silly addNameRange     '2.3.5',
190 silly addNameRange     '2.4.0' ] ]
191 silly addNamed nan@2.4.0
192 verbose addNamed "2.4.0" is a plain semver version for nan
193 silly cache afterAdd nan@2.4.0
194 verbose afterAdd C:\Users\leandro.monteiro\AppData\Roaming\npm-cache\nan\2.4.0\package\package.json not in flight; writing
195 verbose correctMkdir C:\Users\leandro.monteiro\AppData\Roaming\npm-cache correctMkdir not in flight; initializing
196 verbose afterAdd C:\Users\leandro.monteiro\AppData\Roaming\npm-cache\nan\2.4.0\package\package.json written
197 silly install resolved [ { name: 'nan',
197 silly install resolved     version: '2.4.0',
197 silly install resolved     description: 'Native Abstractions for Node.js: C++ header for Node 0.8 -> 6 compatibility',
197 silly install resolved     main: 'include_dirs.js',
197 silly install resolved     repository: { type: 'git', url: 'git://github.com/nodejs/nan.git' },
197 silly install resolved     scripts:
197 silly install resolved      { test: 'tap --gc --stderr test/js/*-test.js',
197 silly install resolved        'rebuild-tests': 'node-gyp rebuild --msvs_version=2013 --directory test',
197 silly install resolved        docs: 'doc/.build.sh' },
197 silly install resolved     contributors:
197 silly install resolved      [ [Object],
197 silly install resolved        [Object],
197 silly install resolved        [Object],
197 silly install resolved        [Object],
197 silly install resolved        [Object],
197 silly install resolved        [Object],
197 silly install resolved        [Object] ],
197 silly install resolved     devDependencies:
197 silly install resolved      { bindings: '~1.2.1',
197 silly install resolved        commander: '^2.8.1',
197 silly install resolved        glob: '^5.0.14',
197 silly install resolved        'node-gyp': '~3.0.1',
197 silly install resolved        'readable-stream': '^2.1.4',
197 silly install resolved        tap: '~0.7.1',
197 silly install resolved        xtend: '~4.0.0' },
197 silly install resolved     license: 'MIT',
197 silly install resolved     bugs: { url: 'https://github.com/nodejs/nan/issues' },
197 silly install resolved     homepage: 'https://github.com/nodejs/nan#readme',
197 silly install resolved     _id: 'nan@2.4.0',
197 silly install resolved     _shasum: 'fb3c59d45fe4effe215f0b890f8adf6eb32d2232',
197 silly install resolved     _resolved: 'https://registry.npmjs.org/nan/-/nan-2.4.0.tgz',
197 silly install resolved     _from: 'nan@>=2.3.2 <3.0.0',
197 silly install resolved     _npmVersion: '3.3.6',
197 silly install resolved     _nodeVersion: '5.0.0',
197 silly install resolved     _npmUser: { name: 'kkoopa', email: 'bbyholm@abo.fi' },
197 silly install resolved     dist:
197 silly install resolved      { shasum: 'fb3c59d45fe4effe215f0b890f8adf6eb32d2232',
197 silly install resolved        tarball: 'https://registry.npmjs.org/nan/-/nan-2.4.0.tgz' },
197 silly install resolved     maintainers: [ [Object], [Object] ],
197 silly install resolved     _npmOperationalInternal:
197 silly install resolved      { host: 'packages-16-east.internal.npmjs.com',
197 silly install resolved        tmp: 'tmp/nan-2.4.0.tgz_1468158679820_0.6951719264034182' },
197 silly install resolved     directories: {},
197 silly install resolved     readme: 'ERROR: No README data found!' } ]
198 info install nan@2.4.0 into C:\Users\leandro.monteiro\Documents\GitHub\Awape\node_modules\canvas
199 info installOne nan@2.4.0
200 verbose installOne of nan to C:\Users\leandro.monteiro\Documents\GitHub\Awape\node_modules\canvas not in flight; installing
201 verbose correctMkdir C:\Users\leandro.monteiro\AppData\Roaming\npm-cache\_locks correctMkdir not in flight; initializing
202 verbose lock using C:\Users\leandro.monteiro\AppData\Roaming\npm-cache\_locks\nan-6b0852c89a40a726.lock for C:\Users\leandro.monteiro\Documents\GitHub\Awape\node_modules\canvas\node_modules\nan
203 silly install write writing nan 2.4.0 to C:\Users\leandro.monteiro\Documents\GitHub\Awape\node_modules\canvas\node_modules\nan
204 verbose unbuild node_modules\canvas\node_modules\nan
205 silly gentlyRm C:\Users\leandro.monteiro\Documents\GitHub\Awape\node_modules\canvas\node_modules\nan is being purged from base C:\Users\leandro.monteiro\Documents\GitHub\Awape
206 verbose gentlyRm don't care about contents; nuking C:\Users\leandro.monteiro\Documents\GitHub\Awape\node_modules\canvas\node_modules\nan
207 verbose tar unpack C:\Users\leandro.monteiro\AppData\Roaming\npm-cache\nan\2.4.0\package.tgz
208 verbose tar unpacking to C:\Users\leandro.monteiro\Documents\GitHub\Awape\node_modules\canvas\node_modules\nan
209 silly gentlyRm C:\Users\leandro.monteiro\Documents\GitHub\Awape\node_modules\canvas\node_modules\nan is being purged
210 verbose gentlyRm don't care about contents; nuking C:\Users\leandro.monteiro\Documents\GitHub\Awape\node_modules\canvas\node_modules\nan
211 silly gunzTarPerm modes [ '777', '666' ]
212 silly gunzTarPerm extractEntry package.json
213 silly gunzTarPerm modified mode [ 'package.json', 436, 438 ]
214 silly gunzTarPerm extractEntry README.md
215 silly gunzTarPerm modified mode [ 'README.md', 436, 438 ]
216 silly gunzTarPerm extractEntry include_dirs.js
217 silly gunzTarPerm modified mode [ 'include_dirs.js', 436, 438 ]
218 silly gunzTarPerm extractEntry nan_callbacks_pre_12_inl.h
219 silly gunzTarPerm modified mode [ 'nan_callbacks_pre_12_inl.h', 436, 438 ]
220 silly gunzTarPerm extractEntry CHANGELOG.md
221 silly gunzTarPerm modified mode [ 'CHANGELOG.md', 436, 438 ]
222 silly gunzTarPerm extractEntry LICENSE.md
223 silly gunzTarPerm modified mode [ 'LICENSE.md', 436, 438 ]
224 silly gunzTarPerm extractEntry doc/node_misc.md
225 silly gunzTarPerm modified mode [ 'doc/node_misc.md', 436, 438 ]
226 silly gunzTarPerm extractEntry doc/asyncworker.md
227 silly gunzTarPerm modified mode [ 'doc/asyncworker.md', 436, 438 ]
228 silly gunzTarPerm extractEntry doc/callback.md
229 silly gunzTarPerm modified mode [ 'doc/callback.md', 436, 438 ]
230 silly gunzTarPerm extractEntry doc/converters.md
231 silly gunzTarPerm modified mode [ 'doc/converters.md', 436, 438 ]
232 silly gunzTarPerm extractEntry doc/errors.md
233 silly gunzTarPerm modified mode [ 'doc/errors.md', 436, 438 ]
234 silly gunzTarPerm extractEntry doc/maybe_types.md
235 silly gunzTarPerm modified mode [ 'doc/maybe_types.md', 436, 438 ]
236 silly gunzTarPerm extractEntry doc/methods.md
237 silly gunzTarPerm modified mode [ 'doc/methods.md', 436, 438 ]
238 silly gunzTarPerm extractEntry doc/new.md
239 silly gunzTarPerm modified mode [ 'doc/new.md', 436, 438 ]
240 silly gunzTarPerm extractEntry doc/buffers.md
241 silly gunzTarPerm modified mode [ 'doc/buffers.md', 436, 438 ]
242 silly gunzTarPerm extractEntry doc/object_wrappers.md
243 silly gunzTarPerm modified mode [ 'doc/object_wrappers.md', 436, 438 ]
244 silly gunzTarPerm extractEntry doc/persistent.md
245 silly gunzTarPerm modified mode [ 'doc/persistent.md', 436, 438 ]
246 silly gunzTarPerm extractEntry doc/scopes.md
247 silly gunzTarPerm modified mode [ 'doc/scopes.md', 436, 438 ]
248 silly gunzTarPerm extractEntry doc/script.md
249 silly gunzTarPerm modified mode [ 'doc/script.md', 436, 438 ]
250 silly gunzTarPerm extractEntry doc/string_bytes.md
251 silly gunzTarPerm modified mode [ 'doc/string_bytes.md', 436, 438 ]
252 silly gunzTarPerm extractEntry doc/v8_internals.md
253 silly gunzTarPerm modified mode [ 'doc/v8_internals.md', 436, 438 ]
254 silly gunzTarPerm extractEntry doc/v8_misc.md
255 silly gunzTarPerm modified mode [ 'doc/v8_misc.md', 436, 438 ]
256 silly gunzTarPerm extractEntry nan.h
257 silly gunzTarPerm modified mode [ 'nan.h', 436, 438 ]
258 silly gunzTarPerm extractEntry nan_callbacks.h
259 silly gunzTarPerm modified mode [ 'nan_callbacks.h', 436, 438 ]
260 silly gunzTarPerm extractEntry nan_callbacks_12_inl.h
261 silly gunzTarPerm modified mode [ 'nan_callbacks_12_inl.h', 436, 438 ]
262 silly gunzTarPerm extractEntry nan_converters.h
263 silly gunzTarPerm modified mode [ 'nan_converters.h', 436, 438 ]
264 silly gunzTarPerm extractEntry nan_converters_43_inl.h
265 silly gunzTarPerm modified mode [ 'nan_converters_43_inl.h', 436, 438 ]
266 silly gunzTarPerm extractEntry nan_converters_pre_43_inl.h
267 silly gunzTarPerm modified mode [ 'nan_converters_pre_43_inl.h', 436, 438 ]
268 silly gunzTarPerm extractEntry nan_implementation_12_inl.h
269 silly gunzTarPerm modified mode [ 'nan_implementation_12_inl.h', 436, 438 ]
270 silly gunzTarPerm extractEntry nan_implementation_pre_12_inl.h
271 silly gunzTarPerm modified mode [ 'nan_implementation_pre_12_inl.h', 436, 438 ]
272 silly gunzTarPerm extractEntry nan_maybe_43_inl.h
273 silly gunzTarPerm modified mode [ 'nan_maybe_43_inl.h', 436, 438 ]
274 silly gunzTarPerm extractEntry nan_maybe_pre_43_inl.h
275 silly gunzTarPerm modified mode [ 'nan_maybe_pre_43_inl.h', 436, 438 ]
276 silly gunzTarPerm extractEntry nan_new.h
277 silly gunzTarPerm modified mode [ 'nan_new.h', 436, 438 ]
278 silly gunzTarPerm extractEntry nan_object_wrap.h
279 silly gunzTarPerm modified mode [ 'nan_object_wrap.h', 436, 438 ]
280 silly gunzTarPerm extractEntry nan_persistent_12_inl.h
281 silly gunzTarPerm modified mode [ 'nan_persistent_12_inl.h', 436, 438 ]
282 silly gunzTarPerm extractEntry nan_persistent_pre_12_inl.h
283 silly gunzTarPerm modified mode [ 'nan_persistent_pre_12_inl.h', 436, 438 ]
284 silly gunzTarPerm extractEntry nan_string_bytes.h
285 silly gunzTarPerm modified mode [ 'nan_string_bytes.h', 436, 438 ]
286 silly gunzTarPerm extractEntry nan_typedarray_contents.h
287 silly gunzTarPerm modified mode [ 'nan_typedarray_contents.h', 436, 438 ]
288 silly gunzTarPerm extractEntry nan_weak.h
289 silly gunzTarPerm modified mode [ 'nan_weak.h', 436, 438 ]
290 silly gunzTarPerm extractEntry tools/package.json
291 silly gunzTarPerm modified mode [ 'tools/package.json', 436, 438 ]
292 silly gunzTarPerm extractEntry tools/README.md
293 silly gunzTarPerm modified mode [ 'tools/README.md', 436, 438 ]
294 silly gunzTarPerm extractEntry tools/1to2.js
295 silly gunzTarPerm modified mode [ 'tools/1to2.js', 509, 511 ]
296 verbose write writing to C:\Users\leandro.monteiro\Documents\GitHub\Awape\node_modules\canvas\node_modules\nan\package.json
297 info preinstall nan@2.4.0
298 verbose readDependencies loading dependencies from C:\Users\leandro.monteiro\Documents\GitHub\Awape\node_modules\canvas\node_modules\nan\package.json
299 verbose readDependencies loading dependencies from C:\Users\leandro.monteiro\Documents\GitHub\Awape\node_modules\canvas\node_modules\nan\package.json
300 silly install resolved []
301 verbose about to build C:\Users\leandro.monteiro\Documents\GitHub\Awape\node_modules\canvas\node_modules\nan
302 info build C:\Users\leandro.monteiro\Documents\GitHub\Awape\node_modules\canvas\node_modules\nan
303 info linkStuff nan@2.4.0
304 silly linkStuff nan@2.4.0 has C:\Users\leandro.monteiro\Documents\GitHub\Awape\node_modules\canvas\node_modules as its parent node_modules
305 verbose linkBins nan@2.4.0
306 verbose linkMans nan@2.4.0
307 verbose rebuildBundles nan@2.4.0
308 info install nan@2.4.0
309 info postinstall nan@2.4.0
310 verbose unlock done using C:\Users\leandro.monteiro\AppData\Roaming\npm-cache\_locks\nan-6b0852c89a40a726.lock for C:\Users\leandro.monteiro\Documents\GitHub\Awape\node_modules\canvas\node_modules\nan
311 verbose about to build C:\Users\leandro.monteiro\Documents\GitHub\Awape\node_modules\canvas
312 info build C:\Users\leandro.monteiro\Documents\GitHub\Awape\node_modules\canvas
313 info linkStuff canvas@1.5.0
314 silly linkStuff canvas@1.5.0 has C:\Users\leandro.monteiro\Documents\GitHub\Awape\node_modules as its parent node_modules
315 verbose linkBins canvas@1.5.0
316 verbose linkMans canvas@1.5.0
317 verbose rebuildBundles canvas@1.5.0
318 verbose rebuildBundles [ 'nan' ]
319 info install canvas@1.5.0
320 verbose unsafe-perm in lifecycle true
321 info canvas@1.5.0 Failed to exec install script
322 verbose unlock done using C:\Users\leandro.monteiro\AppData\Roaming\npm-cache\_locks\canvas-bf05dd84326c8056.lock for C:\Users\leandro.monteiro\Documents\GitHub\Awape\node_modules\canvas
323 verbose stack Error: canvas@1.5.0 install: `node-gyp rebuild`
323 verbose stack Exit status 1
323 verbose stack     at EventEmitter.<anonymous> (C:\Program Files\nodejs\node_modules\npm\lib\utils\lifecycle.js:217:16)
323 verbose stack     at emitTwo (events.js:87:13)
323 verbose stack     at EventEmitter.emit (events.js:172:7)
323 verbose stack     at ChildProcess.<anonymous> (C:\Program Files\nodejs\node_modules\npm\lib\utils\spawn.js:24:14)
323 verbose stack     at emitTwo (events.js:87:13)
323 verbose stack     at ChildProcess.emit (events.js:172:7)
323 verbose stack     at maybeClose (internal/child_process.js:829:16)
323 verbose stack     at Process.ChildProcess._handle.onexit (internal/child_process.js:211:5)
324 verbose pkgid canvas@1.5.0
325 verbose cwd C:\Users\leandro.monteiro\Documents\GitHub\Awape
326 error Windows_NT 10.0.10586
327 error argv "C:\\Program Files\\nodejs\\node.exe" "C:\\Program Files\\nodejs\\node_modules\\npm\\bin\\npm-cli.js" "install" "canvas"
328 error node v4.5.0
329 error npm  v2.15.9
330 error code ELIFECYCLE
331 error canvas@1.5.0 install: `node-gyp rebuild`
331 error Exit status 1
332 error Failed at the canvas@1.5.0 install script 'node-gyp rebuild'.
332 error This is most likely a problem with the canvas package,
332 error not with npm itself.
332 error Tell the author that this fails on your system:
332 error     node-gyp rebuild
332 error You can get information on how to open an issue for this project with:
332 error     npm bugs canvas
332 error Or if that isn't available, you can get their info via:
332 error
332 error     npm owner ls canvas
332 error There is likely additional logging output above.
333 verbose exit [ 1, true ]
334 verbose unbuild node_modules\canvas
335 info preuninstall canvas@1.5.0
336 info uninstall canvas@1.5.0
337 verbose unbuild rmStuff canvas@1.5.0 from C:\Users\leandro.monteiro\Documents\GitHub\Awape\node_modules
338 info postuninstall canvas@1.5.0
339 silly gentlyRm C:\Users\leandro.monteiro\Documents\GitHub\Awape\node_modules\canvas is being purged from base C:\Users\leandro.monteiro\Documents\GitHub\Awape
340 verbose gentlyRm don't care about contents; nuking C:\Users\leandro.monteiro\Documents\GitHub\Awape\node_modules\canvas
341 silly vacuum-fs purging C:\Users\leandro.monteiro\Documents\GitHub\Awape\node_modules\canvas
342 silly vacuum-fs quitting because other entries in C:\Users\leandro.monteiro\Documents\GitHub\Awape\node_modules
